<?xml version="1.0" encoding="UTF-8"?>
<testng-results ignored="0" total="1" passed="1" failed="0" skipped="0">
  <reporter-output>
  </reporter-output>
  <suite started-at="2024-12-27T18:02:45 IST" name="Default suite" finished-at="2024-12-27T18:02:53 IST" duration-ms="7798">
    <groups>
    </groups>
    <test started-at="2024-12-27T18:02:45 IST" name="Default test" finished-at="2024-12-27T18:02:53 IST" duration-ms="7798">
      <class name="Tests.AddToCartTest">
        <test-method is-config="true" signature="launchApplication()[pri:0, instance:Tests.AddToCartTest@7334aada]" started-at="2024-12-27T18:02:45 IST" name="launchApplication" finished-at="2024-12-27T18:02:50 IST" duration-ms="4972" status="PASS">
          <reporter-output>
          </reporter-output>
        </test-method> <!-- launchApplication -->
        <test-method signature="addToCart()[pri:0, instance:Tests.AddToCartTest@7334aada]" started-at="2024-12-27T18:02:50 IST" name="addToCart" finished-at="2024-12-27T18:02:53 IST" duration-ms="2687" status="PASS">
          <reporter-output>
          </reporter-output>
        </test-method> <!-- addToCart -->
        <test-method is-config="true" signature="tearDown()[pri:0, instance:Tests.AddToCartTest@7334aada]" started-at="2024-12-27T18:02:53 IST" name="tearDown" finished-at="2024-12-27T18:02:53 IST" duration-ms="110" status="PASS">
          <reporter-output>
          </reporter-output>
        </test-method> <!-- tearDown -->
      </class> <!-- Tests.AddToCartTest -->
    </test> <!-- Default test -->
  </suite> <!-- Default suite -->
</testng-results>
